<?xml version="1.0" encoding="UTF-8"?>
<testsuite xmlns:xsi="http://www.w3.org/2001/XMLSchema-instance" xsi:noNamespaceSchemaLocation="https://maven.apache.org/surefire/maven-surefire-plugin/xsd/surefire-test-report.xsd" version="3.0.2" name="com.ng.EmsApplicationTests" time="8.201" tests="1" errors="0" skipped="0" failures="0">
  <properties>
[...]
</properties>
  <testcase name="contextLoads" classname="com.ng.EmsApplicationTests" time="0.401">
    <system-out><![CDATA[11:45:36.897 [main] INFO org.springframework.test.context.support.AnnotationConfigContextLoaderUtils -- Could not detect default configuration classes for test class [com.ng.EmsApplicationTests]: EmsApplicationTests does not declare any static, non-private, non-final, nested classes annotated with @Configuration.
11:45:37.021 [main] INFO org.springframework.boot.test.context.SpringBootTestContextBootstrapper -- Found @SpringBootConfiguration com.ng.EmsApplication for test class com.ng.EmsApplicationTests
11:45:37.232 [main] INFO org.springframework.boot.devtools.restart.RestartApplicationListener -- Restart disabled due to context in which it is running

  .   ____          _            __ _ _
 /\\ / ___'_ __ _ _(_)_ __  __ _ \ \ \ \
( ( )\___ | '_ | '_| | '_ \/ _` | \ \ \ \
 \\/  ___)| |_)| | | | | || (_| |  ) ) ) )
  '  |____| .__|_| |_|_| |_\__, | / / / /
 =========|_|==============|___/=/_/_/_/

 :: Spring Boot ::                (v3.5.5)

2025-10-03T11:45:37.580+05:30  INFO 16340 --- [EMS] [           main] com.ng.EmsApplicationTests               : Starting EmsApplicationTests using Java 17.0.12 with PID 16340 (started by narsi in D:\Spring Boot Workspace\EMS)
2025-10-03T11:45:37.583+05:30  INFO 16340 --- [EMS] [           main] com.ng.EmsApplicationTests               : The following 1 profile is active: "secret"
2025-10-03T11:45:38.552+05:30  INFO 16340 --- [EMS] [           main] .s.d.r.c.RepositoryConfigurationDelegate : Bootstrapping Spring Data JPA repositories in DEFAULT mode.
2025-10-03T11:45:38.644+05:30  INFO 16340 --- [EMS] [           main] .s.d.r.c.RepositoryConfigurationDelegate : Finished Spring Data repository scanning in 83 ms. Found 3 JPA repository interfaces.
2025-10-03T11:45:39.273+05:30  INFO 16340 --- [EMS] [           main] o.hibernate.jpa.internal.util.LogHelper  : HHH000204: Processing PersistenceUnitInfo [name: default]
2025-10-03T11:45:39.332+05:30  INFO 16340 --- [EMS] [           main] org.hibernate.Version                    : HHH000412: Hibernate ORM core version 6.6.26.Final
2025-10-03T11:45:39.379+05:30  INFO 16340 --- [EMS] [           main] o.h.c.internal.RegionFactoryInitiator    : HHH000026: Second-level cache disabled
2025-10-03T11:45:39.779+05:30  INFO 16340 --- [EMS] [           main] o.s.o.j.p.SpringPersistenceUnitInfo      : No LoadTimeWeaver setup: ignoring JPA class transformer
2025-10-03T11:45:39.820+05:30  INFO 16340 --- [EMS] [           main] com.zaxxer.hikari.HikariDataSource       : HikariPool-1 - Starting...
2025-10-03T11:45:41.680+05:30  INFO 16340 --- [EMS] [           main] com.zaxxer.hikari.pool.HikariPool        : HikariPool-1 - Added connection com.mysql.cj.jdbc.ConnectionImpl@8cb7185
2025-10-03T11:45:41.684+05:30  INFO 16340 --- [EMS] [           main] com.zaxxer.hikari.HikariDataSource       : HikariPool-1 - Start completed.
2025-10-03T11:45:41.816+05:30  WARN 16340 --- [EMS] [           main] org.hibernate.orm.deprecation            : HHH90000025: MySQL8Dialect does not need to be specified explicitly using 'hibernate.dialect' (remove the property setting and it will be selected by default)
2025-10-03T11:45:41.823+05:30  WARN 16340 --- [EMS] [           main] org.hibernate.orm.deprecation            : HHH90000026: MySQL8Dialect has been deprecated; use org.hibernate.dialect.MySQLDialect instead
2025-10-03T11:45:41.836+05:30  INFO 16340 --- [EMS] [           main] org.hibernate.orm.connections.pooling    : HHH10001005: Database info:
	Database JDBC URL [Connecting through datasource 'HikariDataSource (HikariPool-1)']
	Database driver: undefined/unknown
	Database version: 8.0
	Autocommit mode: undefined/unknown
	Isolation level: undefined/unknown
	Minimum pool size: undefined/unknown
	Maximum pool size: undefined/unknown
2025-10-03T11:45:42.611+05:30  INFO 16340 --- [EMS] [           main] o.h.e.t.j.p.i.JtaPlatformInitiator       : HHH000489: No JTA platform available (set 'hibernate.transaction.jta.platform' to enable JTA platform integration)
2025-10-03T11:45:43.126+05:30  INFO 16340 --- [EMS] [           main] j.LocalContainerEntityManagerFactoryBean : Initialized JPA EntityManagerFactory for persistence unit 'default'
2025-10-03T11:45:43.679+05:30  WARN 16340 --- [EMS] [           main] JpaBaseConfiguration$JpaWebConfiguration : spring.jpa.open-in-view is enabled by default. Therefore, database queries may be performed during view rendering. Explicitly configure spring.jpa.open-in-view to disable this warning
2025-10-03T11:45:44.046+05:30  INFO 16340 --- [EMS] [           main] r$InitializeUserDetailsManagerConfigurer : Global AuthenticationManager configured with UserDetailsService bean with name myUserDetailsService
2025-10-03T11:45:44.270+05:30  INFO 16340 --- [EMS] [           main] o.s.v.b.OptionalValidatorFactoryBean     : Failed to set up a Bean Validation provider: jakarta.validation.NoProviderFoundException: Unable to create a Configuration, because no Jakarta Bean Validation provider could be found. Add a provider like Hibernate Validator (RI) to your classpath.
2025-10-03T11:45:44.557+05:30  INFO 16340 --- [EMS] [           main] com.ng.EmsApplicationTests               : Started EmsApplicationTests in 7.337 seconds (process running for 8.361)
]]></system-out>
  </testcase>
</testsuite>